[debug] [2022-01-31T04:02:11.056Z] ----------------------------------------------------------------------
[debug] [2022-01-31T04:02:11.058Z] Command:       C:\Program Files\nodejs\node.exe C:\Users\Administrator\AppData\Roaming\npm\node_modules\firebase-tools\lib\bin\firebase.js init
[debug] [2022-01-31T04:02:11.058Z] CLI Version:   10.1.2
[debug] [2022-01-31T04:02:11.059Z] Platform:      win32
[debug] [2022-01-31T04:02:11.059Z] Node Version:  v16.13.0
[debug] [2022-01-31T04:02:11.060Z] Time:          Mon Jan 31 2022 09:32:11 GMT+0530 (India Standard Time)
[debug] [2022-01-31T04:02:11.060Z] ----------------------------------------------------------------------
[debug] 
[debug] [2022-01-31T04:02:11.068Z] > command requires scopes: ["email","openid","https://www.googleapis.com/auth/cloudplatformprojects.readonly","https://www.googleapis.com/auth/firebase","https://www.googleapis.com/auth/cloud-platform"]
[debug] [2022-01-31T04:02:11.069Z] > authorizing via signed-in user (mangeshraje55555@gmail.com)
[info] 
     ######## #### ########  ######## ########     ###     ######  ########
     ##        ##  ##     ## ##       ##     ##  ##   ##  ##       ##
     ######    ##  ########  ######   ########  #########  ######  ######
     ##        ##  ##    ##  ##       ##     ## ##     ##       ## ##
     ##       #### ##     ## ######## ########  ##     ##  ######  ########

You're about to initialize a Firebase project in this directory:

  C:\Projects\React js\NetflixClone\netflix

Before we get started, keep in mind:

  * You are currently outside your home directory

